<?xml version="1.0" encoding="UTF-8"?>
<!-- Generated by org.testng.reporters.JUnitXMLReporter -->
<testsuite ignored="0" hostname="DESKTOP-FSSL81L" failures="0" tests="3" name="Default test" time="39.909" errors="0" timestamp="2022-02-15T10:13:30 IST">
  <testcase classname="gitprojct.PomAmazn" name="signup" time="5.329"/>
  <testcase classname="gitprojct.PomAmazn" name="select" time="16.675"/>
  <testcase classname="gitprojct.PomAmazn" name="cart" time="10.724"/>
</testsuite> <!-- Default test -->
