<?xml version="1.0" encoding="UTF-8"?>
<!-- Generated by org.testng.reporters.JUnitXMLReporter -->
<testsuite ignored="0" hostname="DESKTOP-FSSL81L" failures="0" tests="3" name="FirefoxTest" time="49.824" errors="0" timestamp="2022-02-15T10:15:04 IST">
  <testcase classname="gitprojct.PomAmazn" name="signup" time="11.153"/>
  <testcase classname="gitprojct.PomAmazn" name="select" time="16.199"/>
  <testcase classname="gitprojct.PomAmazn" name="cart" time="2.463"/>
</testsuite> <!-- FirefoxTest -->
