<?xml version="1.0" encoding="UTF-8"?>
<testng-results ignored="0" total="9" passed="9" failed="0" skipped="0">
  <reporter-output>
  </reporter-output>
  <suite started-at="2022-02-15T10:12:50 IST" name="Default suite" finished-at="2022-02-15T10:15:04 IST" duration-ms="134816">
    <groups>
    </groups>
    <test started-at="2022-02-15T10:12:50 IST" name="Default test" finished-at="2022-02-15T10:13:30 IST" duration-ms="39909">
      <class name="gitprojct.PomAmazn">
        <test-method is-config="true" signature="beforeClass(java.lang.String,java.lang.String)[pri:0, instance:gitprojct.PomAmazn@543588e6]" started-at="2022-02-15T10:12:50 IST" name="beforeClass" finished-at="2022-02-15T10:12:56 IST" duration-ms="6276" status="PASS">
          <params>
            <param index="0">
              <value>
                <![CDATA[chrome]]>
              </value>
            </param>
            <param index="1">
              <value>
                <![CDATA[https://www.amazon.in/]]>
              </value>
            </param>
          </params>
          <reporter-output>
          </reporter-output>
        </test-method> <!-- beforeClass -->
        <test-method signature="signup(java.lang.String,java.lang.String)[pri:0, instance:gitprojct.PomAmazn@543588e6]" started-at="2022-02-15T10:12:56 IST" name="signup" finished-at="2022-02-15T10:13:01 IST" duration-ms="5329" status="PASS">
          <params>
            <param index="0">
              <value>
                <![CDATA[lordzeus4646@gmail.com]]>
              </value>
            </param>
            <param index="1">
              <value>
                <![CDATA[Lord@123]]>
              </value>
            </param>
          </params>
          <reporter-output>
          </reporter-output>
        </test-method> <!-- signup -->
        <test-method signature="select(java.lang.String)[pri:1, instance:gitprojct.PomAmazn@543588e6]" started-at="2022-02-15T10:13:01 IST" name="select" finished-at="2022-02-15T10:13:18 IST" duration-ms="16675" status="PASS">
          <params>
            <param index="0">
              <value>
                <![CDATA[mobiles]]>
              </value>
            </param>
          </params>
          <reporter-output>
          </reporter-output>
        </test-method> <!-- select -->
        <test-method signature="cart()[pri:2, instance:gitprojct.PomAmazn@543588e6]" started-at="2022-02-15T10:13:18 IST" name="cart" finished-at="2022-02-15T10:13:29 IST" duration-ms="10724" status="PASS">
          <reporter-output>
          </reporter-output>
        </test-method> <!-- cart -->
        <test-method is-config="true" signature="afterClass()[pri:0, instance:gitprojct.PomAmazn@543588e6]" started-at="2022-02-15T10:13:29 IST" name="afterClass" finished-at="2022-02-15T10:13:30 IST" duration-ms="809" status="PASS">
          <reporter-output>
          </reporter-output>
        </test-method> <!-- afterClass -->
      </class> <!-- gitprojct.PomAmazn -->
    </test> <!-- Default test -->
    <test started-at="2022-02-15T10:13:30 IST" name="EdgeTest" finished-at="2022-02-15T10:14:15 IST" duration-ms="44954">
      <class name="gitprojct.PomAmazn">
        <test-method is-config="true" signature="beforeClass(java.lang.String,java.lang.String)[pri:0, instance:gitprojct.PomAmazn@659499f1]" started-at="2022-02-15T10:13:30 IST" name="beforeClass" finished-at="2022-02-15T10:13:35 IST" duration-ms="5370" status="PASS">
          <params>
            <param index="0">
              <value>
                <![CDATA[Edge]]>
              </value>
            </param>
            <param index="1">
              <value>
                <![CDATA[https://www.amazon.in/]]>
              </value>
            </param>
          </params>
          <reporter-output>
          </reporter-output>
        </test-method> <!-- beforeClass -->
        <test-method signature="signup(java.lang.String,java.lang.String)[pri:0, instance:gitprojct.PomAmazn@659499f1]" started-at="2022-02-15T10:13:35 IST" name="signup" finished-at="2022-02-15T10:13:41 IST" duration-ms="6341" status="PASS">
          <params>
            <param index="0">
              <value>
                <![CDATA[lordzeus4646@gmail.com]]>
              </value>
            </param>
            <param index="1">
              <value>
                <![CDATA[Lord@123]]>
              </value>
            </param>
          </params>
          <reporter-output>
          </reporter-output>
        </test-method> <!-- signup -->
        <test-method signature="select(java.lang.String)[pri:1, instance:gitprojct.PomAmazn@659499f1]" started-at="2022-02-15T10:13:41 IST" name="select" finished-at="2022-02-15T10:14:00 IST" duration-ms="18768" status="PASS">
          <params>
            <param index="0">
              <value>
                <![CDATA[mobiles]]>
              </value>
            </param>
          </params>
          <reporter-output>
          </reporter-output>
        </test-method> <!-- select -->
        <test-method signature="cart()[pri:2, instance:gitprojct.PomAmazn@659499f1]" started-at="2022-02-15T10:14:00 IST" name="cart" finished-at="2022-02-15T10:14:13 IST" duration-ms="13283" status="PASS">
          <reporter-output>
          </reporter-output>
        </test-method> <!-- cart -->
        <test-method is-config="true" signature="afterClass()[pri:0, instance:gitprojct.PomAmazn@659499f1]" started-at="2022-02-15T10:14:13 IST" name="afterClass" finished-at="2022-02-15T10:14:15 IST" duration-ms="1181" status="PASS">
          <reporter-output>
          </reporter-output>
        </test-method> <!-- afterClass -->
      </class> <!-- gitprojct.PomAmazn -->
    </test> <!-- EdgeTest -->
    <test started-at="2022-02-15T10:14:15 IST" name="FirefoxTest" finished-at="2022-02-15T10:15:04 IST" duration-ms="49824">
      <class name="gitprojct.PomAmazn">
        <test-method is-config="true" signature="beforeClass(java.lang.String,java.lang.String)[pri:0, instance:gitprojct.PomAmazn@26e356f0]" started-at="2022-02-15T10:14:15 IST" name="beforeClass" finished-at="2022-02-15T10:14:25 IST" duration-ms="10014" status="PASS">
          <params>
            <param index="0">
              <value>
                <![CDATA[firefox]]>
              </value>
            </param>
            <param index="1">
              <value>
                <![CDATA[https://www.amazon.in/]]>
              </value>
            </param>
          </params>
          <reporter-output>
          </reporter-output>
        </test-method> <!-- beforeClass -->
        <test-method signature="signup(java.lang.String,java.lang.String)[pri:0, instance:gitprojct.PomAmazn@26e356f0]" started-at="2022-02-15T10:14:25 IST" name="signup" finished-at="2022-02-15T10:14:36 IST" duration-ms="11153" status="PASS">
          <params>
            <param index="0">
              <value>
                <![CDATA[lordzeus4646@gmail.com]]>
              </value>
            </param>
            <param index="1">
              <value>
                <![CDATA[Lord@123]]>
              </value>
            </param>
          </params>
          <reporter-output>
          </reporter-output>
        </test-method> <!-- signup -->
        <test-method signature="select(java.lang.String)[pri:1, instance:gitprojct.PomAmazn@26e356f0]" started-at="2022-02-15T10:14:36 IST" name="select" finished-at="2022-02-15T10:14:52 IST" duration-ms="16199" status="PASS">
          <params>
            <param index="0">
              <value>
                <![CDATA[mobiles]]>
              </value>
            </param>
          </params>
          <reporter-output>
          </reporter-output>
        </test-method> <!-- select -->
        <test-method signature="cart()[pri:2, instance:gitprojct.PomAmazn@26e356f0]" started-at="2022-02-15T10:14:52 IST" name="cart" finished-at="2022-02-15T10:14:54 IST" duration-ms="2463" status="PASS">
          <reporter-output>
          </reporter-output>
        </test-method> <!-- cart -->
        <test-method is-config="true" signature="afterClass()[pri:0, instance:gitprojct.PomAmazn@26e356f0]" started-at="2022-02-15T10:14:54 IST" name="afterClass" finished-at="2022-02-15T10:15:04 IST" duration-ms="9977" status="PASS">
          <reporter-output>
          </reporter-output>
        </test-method> <!-- afterClass -->
      </class> <!-- gitprojct.PomAmazn -->
    </test> <!-- FirefoxTest -->
  </suite> <!-- Default suite -->
</testng-results>
