<?xml version="1.0" encoding="UTF-8"?>
<testng-results ignored="0" total="6" passed="6" failed="0" skipped="0">
  <reporter-output>
  </reporter-output>
  <suite started-at="2022-02-11T18:00:39 IST" name="Default suite" finished-at="2022-02-11T18:02:27 IST" duration-ms="107819">
    <groups>
    </groups>
    <test started-at="2022-02-11T18:00:39 IST" name="Default test" finished-at="2022-02-11T18:01:15 IST" duration-ms="36201">
      <class name="gitprojct.PomAmazn">
        <test-method is-config="true" signature="beforeClass(java.lang.String,java.lang.String)[pri:0, instance:gitprojct.PomAmazn@58695725]" started-at="2022-02-11T18:00:39 IST" name="beforeClass" finished-at="2022-02-11T18:00:49 IST" duration-ms="9624" status="PASS">
          <params>
            <param index="0">
              <value>
                <![CDATA[chrome]]>
              </value>
            </param>
            <param index="1">
              <value>
                <![CDATA[https://www.amazon.in/]]>
              </value>
            </param>
          </params>
          <reporter-output>
          </reporter-output>
        </test-method> <!-- beforeClass -->
        <test-method signature="select(java.lang.String)[pri:0, instance:gitprojct.PomAmazn@58695725]" started-at="2022-02-11T18:00:49 IST" name="select" finished-at="2022-02-11T18:01:01 IST" duration-ms="12081" status="PASS">
          <params>
            <param index="0">
              <value>
                <![CDATA[mobiles]]>
              </value>
            </param>
          </params>
          <reporter-output>
          </reporter-output>
        </test-method> <!-- select -->
        <test-method signature="cart()[pri:1, instance:gitprojct.PomAmazn@58695725]" started-at="2022-02-11T18:01:01 IST" name="cart" finished-at="2022-02-11T18:01:14 IST" duration-ms="13087" status="PASS">
          <reporter-output>
          </reporter-output>
        </test-method> <!-- cart -->
        <test-method is-config="true" signature="afterClass()[pri:0, instance:gitprojct.PomAmazn@58695725]" started-at="2022-02-11T18:01:14 IST" name="afterClass" finished-at="2022-02-11T18:01:15 IST" duration-ms="1314" status="PASS">
          <reporter-output>
          </reporter-output>
        </test-method> <!-- afterClass -->
      </class> <!-- gitprojct.PomAmazn -->
    </test> <!-- Default test -->
    <test started-at="2022-02-11T18:01:15 IST" name="EdgeTest" finished-at="2022-02-11T18:01:52 IST" duration-ms="36601">
      <class name="gitprojct.PomAmazn">
        <test-method is-config="true" signature="beforeClass(java.lang.String,java.lang.String)[pri:0, instance:gitprojct.PomAmazn@27462a88]" started-at="2022-02-11T18:01:15 IST" name="beforeClass" finished-at="2022-02-11T18:01:23 IST" duration-ms="8031" status="PASS">
          <params>
            <param index="0">
              <value>
                <![CDATA[Edge]]>
              </value>
            </param>
            <param index="1">
              <value>
                <![CDATA[https://www.amazon.in/]]>
              </value>
            </param>
          </params>
          <reporter-output>
          </reporter-output>
        </test-method> <!-- beforeClass -->
        <test-method signature="select(java.lang.String)[pri:0, instance:gitprojct.PomAmazn@27462a88]" started-at="2022-02-11T18:01:23 IST" name="select" finished-at="2022-02-11T18:01:39 IST" duration-ms="15431" status="PASS">
          <params>
            <param index="0">
              <value>
                <![CDATA[mobiles]]>
              </value>
            </param>
          </params>
          <reporter-output>
          </reporter-output>
        </test-method> <!-- select -->
        <test-method signature="cart()[pri:1, instance:gitprojct.PomAmazn@27462a88]" started-at="2022-02-11T18:01:39 IST" name="cart" finished-at="2022-02-11T18:01:51 IST" duration-ms="12388" status="PASS">
          <reporter-output>
          </reporter-output>
        </test-method> <!-- cart -->
        <test-method is-config="true" signature="afterClass()[pri:0, instance:gitprojct.PomAmazn@27462a88]" started-at="2022-02-11T18:01:51 IST" name="afterClass" finished-at="2022-02-11T18:01:52 IST" duration-ms="740" status="PASS">
          <reporter-output>
          </reporter-output>
        </test-method> <!-- afterClass -->
      </class> <!-- gitprojct.PomAmazn -->
    </test> <!-- EdgeTest -->
    <test started-at="2022-02-11T18:01:52 IST" name="FirefoxTest" finished-at="2022-02-11T18:02:27 IST" duration-ms="34877">
      <class name="gitprojct.PomAmazn">
        <test-method is-config="true" signature="beforeClass(java.lang.String,java.lang.String)[pri:0, instance:gitprojct.PomAmazn@61001b64]" started-at="2022-02-11T18:01:52 IST" name="beforeClass" finished-at="2022-02-11T18:02:02 IST" duration-ms="10285" status="PASS">
          <params>
            <param index="0">
              <value>
                <![CDATA[firefox]]>
              </value>
            </param>
            <param index="1">
              <value>
                <![CDATA[https://www.amazon.in/]]>
              </value>
            </param>
          </params>
          <reporter-output>
          </reporter-output>
        </test-method> <!-- beforeClass -->
        <test-method signature="select(java.lang.String)[pri:0, instance:gitprojct.PomAmazn@61001b64]" started-at="2022-02-11T18:02:02 IST" name="select" finished-at="2022-02-11T18:02:18 IST" duration-ms="15683" status="PASS">
          <params>
            <param index="0">
              <value>
                <![CDATA[mobiles]]>
              </value>
            </param>
          </params>
          <reporter-output>
          </reporter-output>
        </test-method> <!-- select -->
        <test-method signature="cart()[pri:1, instance:gitprojct.PomAmazn@61001b64]" started-at="2022-02-11T18:02:18 IST" name="cart" finished-at="2022-02-11T18:02:20 IST" duration-ms="1973" status="PASS">
          <reporter-output>
          </reporter-output>
        </test-method> <!-- cart -->
        <test-method is-config="true" signature="afterClass()[pri:0, instance:gitprojct.PomAmazn@61001b64]" started-at="2022-02-11T18:02:20 IST" name="afterClass" finished-at="2022-02-11T18:02:27 IST" duration-ms="6928" status="PASS">
          <reporter-output>
          </reporter-output>
        </test-method> <!-- afterClass -->
      </class> <!-- gitprojct.PomAmazn -->
    </test> <!-- FirefoxTest -->
  </suite> <!-- Default suite -->
</testng-results>
